# JRE version: OpenJDK Runtime Environment Temurin-21.0.10+7 (21.0.10+7) (build 21.0.10+7-LTS)
# Java VM: OpenJDK 64-Bit Server VM Temurin-21.0.10+7 (21.0.10+7-LTS, mixed mode, sharing, tiered, compressed oops, compressed class ptrs, parallel gc, windows-amd64)
GC Precious Log:
 CardTable entry size: 512
 CPUs: 16 total, 16 available
 Memory: 15773M
 Large Page Support: Disabled
 NUMA Support: Disabled
 Compressed Oops: Enabled (32-bit)
 Alignments: Space 512K, Generation 512K, Heap 2M
 Heap Min Capacity: 100M
 Heap Initial Capacity: 100M
 Heap Max Capacity: 2G
 Pre-touch: Disabled
 Parallel Workers: 13
Heap:
 PSYoungGen      total 22016K, used 13467K [0x00000000d5580000, 0x00000000d6f00000, 0x0000000100000000)
  eden space 20480K, 60% used [0x00000000d5580000,0x00000000d6196e78,0x00000000d6980000)
  from space 1536K, 70% used [0x00000000d6d80000,0x00000000d6e90020,0x00000000d6f00000)
  to   space 1536K, 0% used [0x00000000d6c00000,0x00000000d6c00000,0x00000000d6d80000)
 ParOldGen       total 68608K, used 19286K [0x0000000080000000, 0x0000000084300000, 0x00000000d5580000)
  object space 68608K, 28% used [0x0000000080000000,0x00000000812d5ae8,0x0000000084300000)
 Metaspace       used 38777K, committed 39872K, reserved 1114112K
  class space    used 4125K, committed 4608K, reserved 1048576K
GC Heap History (20 events):
Event: 5.140 GC heap before
{Heap before GC invocations=7 (full 0):
 PSYoungGen      total 30208K, used 26038K [0x00000000d5580000, 0x00000000d7980000, 0x0000000100000000)
  eden space 24576K, 84% used [0x00000000d5580000,0x00000000d69d9558,0x00000000d6d80000)
  from space 5632K, 92% used [0x00000000d7400000,0x00000000d7914468,0x00000000d7980000)
  to   space 5632K, 0% used [0x00000000d6e80000,0x00000000d6e80000,0x00000000d7400000)
 ParOldGen       total 68608K, used 7907K [0x0000000080000000, 0x0000000084300000, 0x00000000d5580000)
  object space 68608K, 11% used [0x0000000080000000,0x00000000807b8f98,0x0000000084300000)
 Metaspace       used 20716K, committed 21504K, reserved 1114112K
  class space    used 2177K, committed 2496K, reserved 1048576K
}
Event: 5.145 GC heap after
{Heap after GC invocations=7 (full 0):
 PSYoungGen      total 29184K, used 4409K [0x00000000d5580000, 0x00000000d7780000, 0x0000000100000000)
  eden space 24576K, 0% used [0x00000000d5580000,0x00000000d5580000,0x00000000d6d80000)
  from space 4608K, 95% used [0x00000000d6e80000,0x00000000d72ce410,0x00000000d7300000)
  to   space 4608K, 0% used [0x00000000d7300000,0x00000000d7300000,0x00000000d7780000)
 ParOldGen       total 68608K, used 9563K [0x0000000080000000, 0x0000000084300000, 0x00000000d5580000)
  object space 68608K, 13% used [0x0000000080000000,0x0000000080956f88,0x0000000084300000)
 Metaspace       used 20716K, committed 21504K, reserved 1114112K
  class space    used 2177K, committed 2496K, reserved 1048576K
}
Event: 5.145 GC heap before
{Heap before GC invocations=8 (full 1):
 PSYoungGen      total 29184K, used 4409K [0x00000000d5580000, 0x00000000d7780000, 0x0000000100000000)
  eden space 24576K, 0% used [0x00000000d5580000,0x00000000d5580000,0x00000000d6d80000)
  from space 4608K, 95% used [0x00000000d6e80000,0x00000000d72ce410,0x00000000d7300000)
  to   space 4608K, 0% used [0x00000000d7300000,0x00000000d7300000,0x00000000d7780000)
 ParOldGen       total 68608K, used 9563K [0x0000000080000000, 0x0000000084300000, 0x00000000d5580000)
  object space 68608K, 13% used [0x0000000080000000,0x0000000080956f88,0x0000000084300000)
 Metaspace       used 20716K, committed 21504K, reserved 1114112K
  class space    used 2177K, committed 2496K, reserved 1048576K
}
Event: 5.186 GC heap after
{Heap after GC invocations=8 (full 1):
 PSYoungGen      total 29184K, used 0K [0x00000000d5580000, 0x00000000d7780000, 0x0000000100000000)
  eden space 24576K, 0% used [0x00000000d5580000,0x00000000d5580000,0x00000000d6d80000)
  from space 4608K, 0% used [0x00000000d6e80000,0x00000000d6e80000,0x00000000d7300000)
  to   space 4608K, 0% used [0x00000000d7300000,0x00000000d7300000,0x00000000d7780000)
 ParOldGen       total 68608K, used 13356K [0x0000000080000000, 0x0000000084300000, 0x00000000d5580000)
  object space 68608K, 19% used [0x0000000080000000,0x0000000080d0b3d0,0x0000000084300000)
 Metaspace       used 20703K, committed 21504K, reserved 1114112K
  class space    used 2173K, committed 2496K, reserved 1048576K
}
Event: 5.445 GC heap before
{Heap before GC invocations=9 (full 1):
 PSYoungGen      total 29184K, used 24576K [0x00000000d5580000, 0x00000000d7780000, 0x0000000100000000)
  eden space 24576K, 100% used [0x00000000d5580000,0x00000000d6d80000,0x00000000d6d80000)
  from space 4608K, 0% used [0x00000000d6e80000,0x00000000d6e80000,0x00000000d7300000)
  to   space 4608K, 0% used [0x00000000d7300000,0x00000000d7300000,0x00000000d7780000)
 ParOldGen       total 68608K, used 13356K [0x0000000080000000, 0x0000000084300000, 0x00000000d5580000)
  object space 68608K, 19% used [0x0000000080000000,0x0000000080d0b3d0,0x0000000084300000)
 Metaspace       used 23127K, committed 23936K, reserved 1114112K
  class space    used 2345K, committed 2688K, reserved 1048576K
}
Event: 5.447 GC heap after
{Heap after GC invocations=9 (full 1):
 PSYoungGen      total 25088K, used 828K [0x00000000d5580000, 0x00000000d7400000, 0x0000000100000000)
  eden space 24064K, 0% used [0x00000000d5580000,0x00000000d5580000,0x00000000d6d00000)
  from space 1024K, 80% used [0x00000000d7300000,0x00000000d73cf008,0x00000000d7400000)
  to   space 2560K, 0% used [0x00000000d6f00000,0x00000000d6f00000,0x00000000d7180000)
 ParOldGen       total 68608K, used 13364K [0x0000000080000000, 0x0000000084300000, 0x00000000d5580000)
  object space 68608K, 19% used [0x0000000080000000,0x0000000080d0d3d0,0x0000000084300000)
 Metaspace       used 23127K, committed 23936K, reserved 1114112K
  class space    used 2345K, committed 2688K, reserved 1048576K
}
Event: 5.762 GC heap before
{Heap before GC invocations=10 (full 1):
 PSYoungGen      total 25088K, used 24892K [0x00000000d5580000, 0x00000000d7400000, 0x0000000100000000)
  eden space 24064K, 100% used [0x00000000d5580000,0x00000000d6d00000,0x00000000d6d00000)
  from space 1024K, 80% used [0x00000000d7300000,0x00000000d73cf008,0x00000000d7400000)
  to   space 2560K, 0% used [0x00000000d6f00000,0x00000000d6f00000,0x00000000d7180000)
 ParOldGen       total 68608K, used 13364K [0x0000000080000000, 0x0000000084300000, 0x00000000d5580000)
  object space 68608K, 19% used [0x0000000080000000,0x0000000080d0d3d0,0x0000000084300000)
 Metaspace       used 26540K, committed 27392K, reserved 1114112K
  class space    used 2596K, committed 2944K, reserved 1048576K
}
Event: 5.764 GC heap after
{Heap after GC invocations=10 (full 1):
 PSYoungGen      total 26112K, used 1796K [0x00000000d5580000, 0x00000000d7380000, 0x0000000100000000)
  eden space 23552K, 0% used [0x00000000d5580000,0x00000000d5580000,0x00000000d6c80000)
  from space 2560K, 70% used [0x00000000d6f00000,0x00000000d70c10f8,0x00000000d7180000)
  to   space 2048K, 0% used [0x00000000d7180000,0x00000000d7180000,0x00000000d7380000)
 ParOldGen       total 68608K, used 14154K [0x0000000080000000, 0x0000000084300000, 0x00000000d5580000)
  object space 68608K, 20% used [0x0000000080000000,0x0000000080dd28e0,0x0000000084300000)
 Metaspace       used 26540K, committed 27392K, reserved 1114112K
  class space    used 2596K, committed 2944K, reserved 1048576K
}
Event: 6.102 GC heap before
{Heap before GC invocations=11 (full 1):
 PSYoungGen      total 26112K, used 25348K [0x00000000d5580000, 0x00000000d7380000, 0x0000000100000000)
  eden space 23552K, 100% used [0x00000000d5580000,0x00000000d6c80000,0x00000000d6c80000)
  from space 2560K, 70% used [0x00000000d6f00000,0x00000000d70c10f8,0x00000000d7180000)
  to   space 2048K, 0% used [0x00000000d7180000,0x00000000d7180000,0x00000000d7380000)
 ParOldGen       total 68608K, used 14154K [0x0000000080000000, 0x0000000084300000, 0x00000000d5580000)
  object space 68608K, 20% used [0x0000000080000000,0x0000000080dd28e0,0x0000000084300000)
 Metaspace       used 28516K, committed 29440K, reserved 1114112K
  class space    used 2763K, committed 3136K, reserved 1048576K
}
Event: 6.104 GC heap after
{Heap after GC invocations=11 (full 1):
 PSYoungGen      total 25088K, used 2024K [0x00000000d5580000, 0x00000000d7380000, 0x0000000100000000)
  eden space 23040K, 0% used [0x00000000d5580000,0x00000000d5580000,0x00000000d6c00000)
  from space 2048K, 98% used [0x00000000d7180000,0x00000000d737a380,0x00000000d7380000)
  to   space 3072K, 0% used [0x00000000d6d80000,0x00000000d6d80000,0x00000000d7080000)
 ParOldGen       total 68608K, used 14758K [0x0000000080000000, 0x0000000084300000, 0x00000000d5580000)
  object space 68608K, 21% used [0x0000000080000000,0x0000000080e698b0,0x0000000084300000)
 Metaspace       used 28516K, committed 29440K, reserved 1114112K
  class space    used 2763K, committed 3136K, reserved 1048576K
}
Event: 6.743 GC heap before
{Heap before GC invocations=12 (full 1):
 PSYoungGen      total 25088K, used 25064K [0x00000000d5580000, 0x00000000d7380000, 0x0000000100000000)
  eden space 23040K, 100% used [0x00000000d5580000,0x00000000d6c00000,0x00000000d6c00000)
  from space 2048K, 98% used [0x00000000d7180000,0x00000000d737a380,0x00000000d7380000)
  to   space 3072K, 0% used [0x00000000d6d80000,0x00000000d6d80000,0x00000000d7080000)
 ParOldGen       total 68608K, used 14758K [0x0000000080000000, 0x0000000084300000, 0x00000000d5580000)
  object space 68608K, 21% used [0x0000000080000000,0x0000000080e698b0,0x0000000084300000)
 Metaspace       used 31635K, committed 32704K, reserved 1114112K
  class space    used 3156K, committed 3648K, reserved 1048576K
}
Event: 6.746 GC heap after
{Heap after GC invocations=12 (full 1):
 PSYoungGen      total 24576K, used 1853K [0x00000000d5580000, 0x00000000d7200000, 0x0000000100000000)
  eden space 22528K, 0% used [0x00000000d5580000,0x00000000d5580000,0x00000000d6b80000)
  from space 2048K, 90% used [0x00000000d6d80000,0x00000000d6f4f6e0,0x00000000d6f80000)
  to   space 2560K, 0% used [0x00000000d6f80000,0x00000000d6f80000,0x00000000d7200000)
 ParOldGen       total 68608K, used 16776K [0x0000000080000000, 0x0000000084300000, 0x00000000d5580000)
  object space 68608K, 24% used [0x0000000080000000,0x00000000810623a8,0x0000000084300000)
 Metaspace       used 31635K, committed 32704K, reserved 1114112K
  class space    used 3156K, committed 3648K, reserved 1048576K
}
Event: 6.909 GC heap before
{Heap before GC invocations=13 (full 1):
 PSYoungGen      total 24576K, used 24381K [0x00000000d5580000, 0x00000000d7200000, 0x0000000100000000)
  eden space 22528K, 100% used [0x00000000d5580000,0x00000000d6b80000,0x00000000d6b80000)
  from space 2048K, 90% used [0x00000000d6d80000,0x00000000d6f4f6e0,0x00000000d6f80000)
  to   space 2560K, 0% used [0x00000000d6f80000,0x00000000d6f80000,0x00000000d7200000)
 ParOldGen       total 68608K, used 16776K [0x0000000080000000, 0x0000000084300000, 0x00000000d5580000)
  object space 68608K, 24% used [0x0000000080000000,0x00000000810623a8,0x0000000084300000)
 Metaspace       used 34608K, committed 35712K, reserved 1114112K
  class space    used 3523K, committed 4032K, reserved 1048576K
}
Event: 6.913 GC heap after
{Heap after GC invocations=13 (full 1):
 PSYoungGen      total 23040K, used 2547K [0x00000000d5580000, 0x00000000d7700000, 0x0000000100000000)
  eden space 20480K, 0% used [0x00000000d5580000,0x00000000d5580000,0x00000000d6980000)
  from space 2560K, 99% used [0x00000000d6f80000,0x00000000d71fcf78,0x00000000d7200000)
  to   space 6144K, 0% used [0x00000000d6980000,0x00000000d6980000,0x00000000d6f80000)
 ParOldGen       total 68608K, used 19715K [0x0000000080000000, 0x0000000084300000, 0x00000000d5580000)
  object space 68608K, 28% used [0x0000000080000000,0x0000000081340c48,0x0000000084300000)
 Metaspace       used 34608K, committed 35712K, reserved 1114112K
  class space    used 3523K, committed 4032K, reserved 1048576K
}
Event: 6.944 GC heap before
{Heap before GC invocations=14 (full 1):
 PSYoungGen      total 23040K, used 6931K [0x00000000d5580000, 0x00000000d7700000, 0x0000000100000000)
  eden space 20480K, 21% used [0x00000000d5580000,0x00000000d59c7fe0,0x00000000d6980000)
  from space 2560K, 99% used [0x00000000d6f80000,0x00000000d71fcf78,0x00000000d7200000)
  to   space 6144K, 0% used [0x00000000d6980000,0x00000000d6980000,0x00000000d6f80000)
 ParOldGen       total 68608K, used 19715K [0x0000000080000000, 0x0000000084300000, 0x00000000d5580000)
  object space 68608K, 28% used [0x0000000080000000,0x0000000081340c48,0x0000000084300000)
 Metaspace       used 34773K, committed 35840K, reserved 1114112K
  class space    used 3552K, committed 4032K, reserved 1048576K
}
Event: 6.947 GC heap after
{Heap after GC invocations=14 (full 1):
 PSYoungGen      total 21504K, used 832K [0x00000000d5580000, 0x00000000d7000000, 0x0000000100000000)
  eden space 20480K, 0% used [0x00000000d5580000,0x00000000d5580000,0x00000000d6980000)
  from space 1024K, 81% used [0x00000000d6980000,0x00000000d6a50000,0x00000000d6a80000)
  to   space 2560K, 0% used [0x00000000d6d80000,0x00000000d6d80000,0x00000000d7000000)
 ParOldGen       total 68608K, used 20857K [0x0000000080000000, 0x0000000084300000, 0x00000000d5580000)
  object space 68608K, 30% used [0x0000000080000000,0x000000008145e640,0x0000000084300000)
 Metaspace       used 34773K, committed 35840K, reserved 1114112K
  class space    used 3552K, committed 4032K, reserved 1048576K
}
Event: 6.947 GC heap before
{Heap before GC invocations=15 (full 2):
 PSYoungGen      total 21504K, used 832K [0x00000000d5580000, 0x00000000d7000000, 0x0000000100000000)
  eden space 20480K, 0% used [0x00000000d5580000,0x00000000d5580000,0x00000000d6980000)
  from space 1024K, 81% used [0x00000000d6980000,0x00000000d6a50000,0x00000000d6a80000)
  to   space 2560K, 0% used [0x00000000d6d80000,0x00000000d6d80000,0x00000000d7000000)
 ParOldGen       total 68608K, used 20857K [0x0000000080000000, 0x0000000084300000, 0x00000000d5580000)
  object space 68608K, 30% used [0x0000000080000000,0x000000008145e640,0x0000000084300000)
 Metaspace       used 34773K, committed 35840K, reserved 1114112K
  class space    used 3552K, committed 4032K, reserved 1048576K
}
Event: 6.994 GC heap after
{Heap after GC invocations=15 (full 2):
 PSYoungGen      total 21504K, used 0K [0x00000000d5580000, 0x00000000d7000000, 0x0000000100000000)
  eden space 20480K, 0% used [0x00000000d5580000,0x00000000d5580000,0x00000000d6980000)
  from space 1024K, 0% used [0x00000000d6980000,0x00000000d6980000,0x00000000d6a80000)
  to   space 2560K, 0% used [0x00000000d6d80000,0x00000000d6d80000,0x00000000d7000000)
 ParOldGen       total 68608K, used 19278K [0x0000000080000000, 0x0000000084300000, 0x00000000d5580000)
  object space 68608K, 28% used [0x0000000080000000,0x00000000812d3ae8,0x0000000084300000)
 Metaspace       used 34766K, committed 35840K, reserved 1114112K
  class space    used 3550K, committed 4032K, reserved 1048576K
}
Event: 7.416 GC heap before
{Heap before GC invocations=16 (full 2):
 PSYoungGen      total 21504K, used 20480K [0x00000000d5580000, 0x00000000d7000000, 0x0000000100000000)
  eden space 20480K, 100% used [0x00000000d5580000,0x00000000d6980000,0x00000000d6980000)
  from space 1024K, 0% used [0x00000000d6980000,0x00000000d6980000,0x00000000d6a80000)
  to   space 2560K, 0% used [0x00000000d6d80000,0x00000000d6d80000,0x00000000d7000000)
 ParOldGen       total 68608K, used 19278K [0x0000000080000000, 0x0000000084300000, 0x00000000d5580000)
  object space 68608K, 28% used [0x0000000080000000,0x00000000812d3ae8,0x0000000084300000)
 Metaspace       used 37924K, committed 38976K, reserved 1114112K
  class space    used 3990K, committed 4416K, reserved 1048576K
}
Event: 7.419 GC heap after
{Heap after GC invocations=16 (full 2):
 PSYoungGen      total 22016K, used 1088K [0x00000000d5580000, 0x00000000d6f00000, 0x0000000100000000)
  eden space 20480K, 0% used [0x00000000d5580000,0x00000000d5580000,0x00000000d6980000)
  from space 1536K, 70% used [0x00000000d6d80000,0x00000000d6e90020,0x00000000d6f00000)
  to   space 1536K, 0% used [0x00000000d6c00000,0x00000000d6c00000,0x00000000d6d80000)
 ParOldGen       total 68608K, used 19286K [0x0000000080000000, 0x0000000084300000, 0x00000000d5580000)
  object space 68608K, 28% used [0x0000000080000000,0x00000000812d5ae8,0x0000000084300000)
 Metaspace       used 37924K, committed 38976K, reserved 1114112K
  class space    used 3990K, committed 4416K, reserved 1048576K
}

