# JRE version: OpenJDK Runtime Environment Temurin-21.0.10+7 (21.0.10+7) (build 21.0.10+7-LTS)
# Java VM: OpenJDK 64-Bit Server VM Temurin-21.0.10+7 (21.0.10+7-LTS, mixed mode, sharing, tiered, compressed oops, compressed class ptrs, parallel gc, windows-amd64)
GC Precious Log:
 CardTable entry size: 512
 CPUs: 16 total, 16 available
 Memory: 15773M
 Large Page Support: Disabled
 NUMA Support: Disabled
 Compressed Oops: Enabled (32-bit)
 Alignments: Space 512K, Generation 512K, Heap 2M
 Heap Min Capacity: 100M
 Heap Initial Capacity: 100M
 Heap Max Capacity: 2G
 Pre-touch: Disabled
 Parallel Workers: 13
Heap:
 PSYoungGen      total 23040K, used 5102K [0x00000000d5580000, 0x00000000d6f00000, 0x0000000100000000)
  eden space 22016K, 18% used [0x00000000d5580000,0x00000000d598fa00,0x00000000d6b00000)
  from space 1024K, 92% used [0x00000000d6e00000,0x00000000d6eec010,0x00000000d6f00000)
  to   space 1024K, 0% used [0x00000000d6d00000,0x00000000d6d00000,0x00000000d6e00000)
 ParOldGen       total 68608K, used 20574K [0x0000000080000000, 0x0000000084300000, 0x00000000d5580000)
  object space 68608K, 29% used [0x0000000080000000,0x0000000081417b90,0x0000000084300000)
 Metaspace       used 42703K, committed 43904K, reserved 1114112K
  class space    used 4646K, committed 5184K, reserved 1048576K
GC Heap History (20 events):
Event: 4.255 GC heap before
{Heap before GC invocations=9 (full 1):
 PSYoungGen      total 29696K, used 24543K [0x00000000d5580000, 0x00000000d7780000, 0x0000000100000000)
  eden space 24576K, 99% used [0x00000000d5580000,0x00000000d6d77d40,0x00000000d6d80000)
  from space 5120K, 0% used [0x00000000d6e00000,0x00000000d6e00000,0x00000000d7300000)
  to   space 4608K, 0% used [0x00000000d7300000,0x00000000d7300000,0x00000000d7780000)
 ParOldGen       total 68608K, used 13359K [0x0000000080000000, 0x0000000084300000, 0x00000000d5580000)
  object space 68608K, 19% used [0x0000000080000000,0x0000000080d0be28,0x0000000084300000)
 Metaspace       used 23200K, committed 24128K, reserved 1114112K
  class space    used 2348K, committed 2752K, reserved 1048576K
}
Event: 4.257 GC heap after
{Heap after GC invocations=9 (full 1):
 PSYoungGen      total 25088K, used 737K [0x00000000d5580000, 0x00000000d7400000, 0x0000000100000000)
  eden space 24064K, 0% used [0x00000000d5580000,0x00000000d5580000,0x00000000d6d00000)
  from space 1024K, 71% used [0x00000000d7300000,0x00000000d73b8400,0x00000000d7400000)
  to   space 2560K, 0% used [0x00000000d6f00000,0x00000000d6f00000,0x00000000d7180000)
 ParOldGen       total 68608K, used 13367K [0x0000000080000000, 0x0000000084300000, 0x00000000d5580000)
  object space 68608K, 19% used [0x0000000080000000,0x0000000080d0de28,0x0000000084300000)
 Metaspace       used 23200K, committed 24128K, reserved 1114112K
  class space    used 2348K, committed 2752K, reserved 1048576K
}
Event: 4.485 GC heap before
{Heap before GC invocations=10 (full 1):
 PSYoungGen      total 25088K, used 24801K [0x00000000d5580000, 0x00000000d7400000, 0x0000000100000000)
  eden space 24064K, 100% used [0x00000000d5580000,0x00000000d6d00000,0x00000000d6d00000)
  from space 1024K, 71% used [0x00000000d7300000,0x00000000d73b8400,0x00000000d7400000)
  to   space 2560K, 0% used [0x00000000d6f00000,0x00000000d6f00000,0x00000000d7180000)
 ParOldGen       total 68608K, used 13367K [0x0000000080000000, 0x0000000084300000, 0x00000000d5580000)
  object space 68608K, 19% used [0x0000000080000000,0x0000000080d0de28,0x0000000084300000)
 Metaspace       used 26539K, committed 27456K, reserved 1114112K
  class space    used 2600K, committed 3008K, reserved 1048576K
}
Event: 4.486 GC heap after
{Heap after GC invocations=10 (full 1):
 PSYoungGen      total 26112K, used 2537K [0x00000000d5580000, 0x00000000d7380000, 0x0000000100000000)
  eden space 23552K, 0% used [0x00000000d5580000,0x00000000d5580000,0x00000000d6c80000)
  from space 2560K, 99% used [0x00000000d6f00000,0x00000000d717a6b0,0x00000000d7180000)
  to   space 2048K, 0% used [0x00000000d7180000,0x00000000d7180000,0x00000000d7380000)
 ParOldGen       total 68608K, used 13375K [0x0000000080000000, 0x0000000084300000, 0x00000000d5580000)
  object space 68608K, 19% used [0x0000000080000000,0x0000000080d0fe28,0x0000000084300000)
 Metaspace       used 26539K, committed 27456K, reserved 1114112K
  class space    used 2600K, committed 3008K, reserved 1048576K
}
Event: 4.781 GC heap before
{Heap before GC invocations=11 (full 1):
 PSYoungGen      total 26112K, used 26089K [0x00000000d5580000, 0x00000000d7380000, 0x0000000100000000)
  eden space 23552K, 100% used [0x00000000d5580000,0x00000000d6c80000,0x00000000d6c80000)
  from space 2560K, 99% used [0x00000000d6f00000,0x00000000d717a6b0,0x00000000d7180000)
  to   space 2048K, 0% used [0x00000000d7180000,0x00000000d7180000,0x00000000d7380000)
 ParOldGen       total 68608K, used 13375K [0x0000000080000000, 0x0000000084300000, 0x00000000d5580000)
  object space 68608K, 19% used [0x0000000080000000,0x0000000080d0fe28,0x0000000084300000)
 Metaspace       used 28526K, committed 29504K, reserved 1114112K
  class space    used 2767K, committed 3200K, reserved 1048576K
}
Event: 4.783 GC heap after
{Heap after GC invocations=11 (full 1):
 PSYoungGen      total 25088K, used 2024K [0x00000000d5580000, 0x00000000d7400000, 0x0000000100000000)
  eden space 23040K, 0% used [0x00000000d5580000,0x00000000d5580000,0x00000000d6c00000)
  from space 2048K, 98% used [0x00000000d7180000,0x00000000d737a380,0x00000000d7380000)
  to   space 4096K, 0% used [0x00000000d6c00000,0x00000000d6c00000,0x00000000d7000000)
 ParOldGen       total 68608K, used 14752K [0x0000000080000000, 0x0000000084300000, 0x00000000d5580000)
  object space 68608K, 21% used [0x0000000080000000,0x0000000080e68308,0x0000000084300000)
 Metaspace       used 28526K, committed 29504K, reserved 1114112K
  class space    used 2767K, committed 3200K, reserved 1048576K
}
Event: 5.038 GC heap before
{Heap before GC invocations=12 (full 1):
 PSYoungGen      total 25088K, used 25064K [0x00000000d5580000, 0x00000000d7400000, 0x0000000100000000)
  eden space 23040K, 100% used [0x00000000d5580000,0x00000000d6c00000,0x00000000d6c00000)
  from space 2048K, 98% used [0x00000000d7180000,0x00000000d737a380,0x00000000d7380000)
  to   space 4096K, 0% used [0x00000000d6c00000,0x00000000d6c00000,0x00000000d7000000)
 ParOldGen       total 68608K, used 14752K [0x0000000080000000, 0x0000000084300000, 0x00000000d5580000)
  object space 68608K, 21% used [0x0000000080000000,0x0000000080e68308,0x0000000084300000)
 Metaspace       used 31966K, committed 33024K, reserved 1114112K
  class space    used 3156K, committed 3648K, reserved 1048576K
}
Event: 5.040 GC heap after
{Heap after GC invocations=12 (full 1):
 PSYoungGen      total 25088K, used 2141K [0x00000000d5580000, 0x00000000d7200000, 0x0000000100000000)
  eden space 22528K, 0% used [0x00000000d5580000,0x00000000d5580000,0x00000000d6b80000)
  from space 2560K, 83% used [0x00000000d6c00000,0x00000000d6e176b0,0x00000000d6e80000)
  to   space 3072K, 0% used [0x00000000d6f00000,0x00000000d6f00000,0x00000000d7200000)
 ParOldGen       total 68608K, used 16767K [0x0000000080000000, 0x0000000084300000, 0x00000000d5580000)
  object space 68608K, 24% used [0x0000000080000000,0x000000008105fe10,0x0000000084300000)
 Metaspace       used 31966K, committed 33024K, reserved 1114112K
  class space    used 3156K, committed 3648K, reserved 1048576K
}
Event: 5.201 GC heap before
{Heap before GC invocations=13 (full 1):
 PSYoungGen      total 25088K, used 24669K [0x00000000d5580000, 0x00000000d7200000, 0x0000000100000000)
  eden space 22528K, 100% used [0x00000000d5580000,0x00000000d6b80000,0x00000000d6b80000)
  from space 2560K, 83% used [0x00000000d6c00000,0x00000000d6e176b0,0x00000000d6e80000)
  to   space 3072K, 0% used [0x00000000d6f00000,0x00000000d6f00000,0x00000000d7200000)
 ParOldGen       total 68608K, used 16767K [0x0000000080000000, 0x0000000084300000, 0x00000000d5580000)
  object space 68608K, 24% used [0x0000000080000000,0x000000008105fe10,0x0000000084300000)
 Metaspace       used 34422K, committed 35520K, reserved 1114112K
  class space    used 3483K, committed 3968K, reserved 1048576K
}
Event: 5.204 GC heap after
{Heap after GC invocations=13 (full 1):
 PSYoungGen      total 24064K, used 1728K [0x00000000d5580000, 0x00000000d7100000, 0x0000000100000000)
  eden space 22016K, 0% used [0x00000000d5580000,0x00000000d5580000,0x00000000d6b00000)
  from space 2048K, 84% used [0x00000000d6f00000,0x00000000d70b0000,0x00000000d7100000)
  to   space 2048K, 0% used [0x00000000d6d00000,0x00000000d6d00000,0x00000000d6f00000)
 ParOldGen       total 68608K, used 18626K [0x0000000080000000, 0x0000000084300000, 0x00000000d5580000)
  object space 68608K, 27% used [0x0000000080000000,0x0000000081230880,0x0000000084300000)
 Metaspace       used 34422K, committed 35520K, reserved 1114112K
  class space    used 3483K, committed 3968K, reserved 1048576K
}
Event: 5.222 GC heap before
{Heap before GC invocations=14 (full 1):
 PSYoungGen      total 24064K, used 3582K [0x00000000d5580000, 0x00000000d7100000, 0x0000000100000000)
  eden space 22016K, 8% used [0x00000000d5580000,0x00000000d574fa28,0x00000000d6b00000)
  from space 2048K, 84% used [0x00000000d6f00000,0x00000000d70b0000,0x00000000d7100000)
  to   space 2048K, 0% used [0x00000000d6d00000,0x00000000d6d00000,0x00000000d6f00000)
 ParOldGen       total 68608K, used 18626K [0x0000000080000000, 0x0000000084300000, 0x00000000d5580000)
  object space 68608K, 27% used [0x0000000080000000,0x0000000081230880,0x0000000084300000)
 Metaspace       used 34766K, committed 35840K, reserved 1114112K
  class space    used 3525K, committed 4032K, reserved 1048576K
}
Event: 5.223 GC heap after
{Heap after GC invocations=14 (full 1):
 PSYoungGen      total 22528K, used 352K [0x00000000d5580000, 0x00000000d6f80000, 0x0000000100000000)
  eden space 22016K, 0% used [0x00000000d5580000,0x00000000d5580000,0x00000000d6b00000)
  from space 512K, 68% used [0x00000000d6d00000,0x00000000d6d58000,0x00000000d6d80000)
  to   space 1024K, 0% used [0x00000000d6e80000,0x00000000d6e80000,0x00000000d6f80000)
 ParOldGen       total 68608K, used 20175K [0x0000000080000000, 0x0000000084300000, 0x00000000d5580000)
  object space 68608K, 29% used [0x0000000080000000,0x00000000813b3db0,0x0000000084300000)
 Metaspace       used 34766K, committed 35840K, reserved 1114112K
  class space    used 3525K, committed 4032K, reserved 1048576K
}
Event: 5.223 GC heap before
{Heap before GC invocations=15 (full 2):
 PSYoungGen      total 22528K, used 352K [0x00000000d5580000, 0x00000000d6f80000, 0x0000000100000000)
  eden space 22016K, 0% used [0x00000000d5580000,0x00000000d5580000,0x00000000d6b00000)
  from space 512K, 68% used [0x00000000d6d00000,0x00000000d6d58000,0x00000000d6d80000)
  to   space 1024K, 0% used [0x00000000d6e80000,0x00000000d6e80000,0x00000000d6f80000)
 ParOldGen       total 68608K, used 20175K [0x0000000080000000, 0x0000000084300000, 0x00000000d5580000)
  object space 68608K, 29% used [0x0000000080000000,0x00000000813b3db0,0x0000000084300000)
 Metaspace       used 34766K, committed 35840K, reserved 1114112K
  class space    used 3525K, committed 4032K, reserved 1048576K
}
Event: 5.255 GC heap after
{Heap after GC invocations=15 (full 2):
 PSYoungGen      total 22528K, used 0K [0x00000000d5580000, 0x00000000d6f80000, 0x0000000100000000)
  eden space 22016K, 0% used [0x00000000d5580000,0x00000000d5580000,0x00000000d6b00000)
  from space 512K, 0% used [0x00000000d6d00000,0x00000000d6d00000,0x00000000d6d80000)
  to   space 1024K, 0% used [0x00000000d6e80000,0x00000000d6e80000,0x00000000d6f80000)
 ParOldGen       total 68608K, used 19378K [0x0000000080000000, 0x0000000084300000, 0x00000000d5580000)
  object space 68608K, 28% used [0x0000000080000000,0x00000000812ec960,0x0000000084300000)
 Metaspace       used 34766K, committed 35840K, reserved 1114112K
  class space    used 3525K, committed 4032K, reserved 1048576K
}
Event: 6.365 GC heap before
{Heap before GC invocations=16 (full 2):
 PSYoungGen      total 22528K, used 22016K [0x00000000d5580000, 0x00000000d6f80000, 0x0000000100000000)
  eden space 22016K, 100% used [0x00000000d5580000,0x00000000d6b00000,0x00000000d6b00000)
  from space 512K, 0% used [0x00000000d6d00000,0x00000000d6d00000,0x00000000d6d80000)
  to   space 1024K, 0% used [0x00000000d6e80000,0x00000000d6e80000,0x00000000d6f80000)
 ParOldGen       total 68608K, used 19378K [0x0000000080000000, 0x0000000084300000, 0x00000000d5580000)
  object space 68608K, 28% used [0x0000000080000000,0x00000000812ec960,0x0000000084300000)
 Metaspace       used 37756K, committed 38912K, reserved 1114112K
  class space    used 3947K, committed 4480K, reserved 1048576K
}
Event: 6.366 GC heap after
{Heap after GC invocations=16 (full 2):
 PSYoungGen      total 23040K, used 1001K [0x00000000d5580000, 0x00000000d6f80000, 0x0000000100000000)
  eden space 22016K, 0% used [0x00000000d5580000,0x00000000d5580000,0x00000000d6b00000)
  from space 1024K, 97% used [0x00000000d6e80000,0x00000000d6f7a460,0x00000000d6f80000)
  to   space 1536K, 0% used [0x00000000d6c80000,0x00000000d6c80000,0x00000000d6e00000)
 ParOldGen       total 68608K, used 19386K [0x0000000080000000, 0x0000000084300000, 0x00000000d5580000)
  object space 68608K, 28% used [0x0000000080000000,0x00000000812ee960,0x0000000084300000)
 Metaspace       used 37756K, committed 38912K, reserved 1114112K
  class space    used 3947K, committed 4480K, reserved 1048576K
}
Event: 6.577 GC heap before
{Heap before GC invocations=17 (full 2):
 PSYoungGen      total 23040K, used 23017K [0x00000000d5580000, 0x00000000d6f80000, 0x0000000100000000)
  eden space 22016K, 100% used [0x00000000d5580000,0x00000000d6b00000,0x00000000d6b00000)
  from space 1024K, 97% used [0x00000000d6e80000,0x00000000d6f7a460,0x00000000d6f80000)
  to   space 1536K, 0% used [0x00000000d6c80000,0x00000000d6c80000,0x00000000d6e00000)
 ParOldGen       total 68608K, used 19386K [0x0000000080000000, 0x0000000084300000, 0x00000000d5580000)
  object space 68608K, 28% used [0x0000000080000000,0x00000000812ee960,0x0000000084300000)
 Metaspace       used 40669K, committed 41856K, reserved 1114112K
  class space    used 4393K, committed 4928K, reserved 1048576K
}
Event: 6.579 GC heap after
{Heap after GC invocations=17 (full 2):
 PSYoungGen      total 23552K, used 736K [0x00000000d5580000, 0x00000000d6f00000, 0x0000000100000000)
  eden space 22016K, 0% used [0x00000000d5580000,0x00000000d5580000,0x00000000d6b00000)
  from space 1536K, 47% used [0x00000000d6c80000,0x00000000d6d38000,0x00000000d6e00000)
  to   space 1024K, 0% used [0x00000000d6e00000,0x00000000d6e00000,0x00000000d6f00000)
 ParOldGen       total 68608K, used 20094K [0x0000000080000000, 0x0000000084300000, 0x00000000d5580000)
  object space 68608K, 29% used [0x0000000080000000,0x000000008139fb90,0x0000000084300000)
 Metaspace       used 40669K, committed 41856K, reserved 1114112K
  class space    used 4393K, committed 4928K, reserved 1048576K
}
Event: 7.823 GC heap before
{Heap before GC invocations=18 (full 2):
 PSYoungGen      total 23552K, used 22752K [0x00000000d5580000, 0x00000000d6f00000, 0x0000000100000000)
  eden space 22016K, 100% used [0x00000000d5580000,0x00000000d6b00000,0x00000000d6b00000)
  from space 1536K, 47% used [0x00000000d6c80000,0x00000000d6d38000,0x00000000d6e00000)
  to   space 1024K, 0% used [0x00000000d6e00000,0x00000000d6e00000,0x00000000d6f00000)
 ParOldGen       total 68608K, used 20094K [0x0000000080000000, 0x0000000084300000, 0x00000000d5580000)
  object space 68608K, 29% used [0x0000000080000000,0x000000008139fb90,0x0000000084300000)
 Metaspace       used 42412K, committed 43584K, reserved 1114112K
  class space    used 4606K, committed 5120K, reserved 1048576K
}
Event: 7.825 GC heap after
{Heap after GC invocations=18 (full 2):
 PSYoungGen      total 23040K, used 944K [0x00000000d5580000, 0x00000000d6f00000, 0x0000000100000000)
  eden space 22016K, 0% used [0x00000000d5580000,0x00000000d5580000,0x00000000d6b00000)
  from space 1024K, 92% used [0x00000000d6e00000,0x00000000d6eec010,0x00000000d6f00000)
  to   space 1024K, 0% used [0x00000000d6d00000,0x00000000d6d00000,0x00000000d6e00000)
 ParOldGen       total 68608K, used 20574K [0x0000000080000000, 0x0000000084300000, 0x00000000d5580000)
  object space 68608K, 29% used [0x0000000080000000,0x0000000081417b90,0x0000000084300000)
 Metaspace       used 42412K, committed 43584K, reserved 1114112K
  class space    used 4606K, committed 5120K, reserved 1048576K
}

